2021-01-19 13:05:37.089  INFO 3684 --- [main] lavalink.server.Launcher                 : 

[32m       .  [31m _                  _ _       _    [32m__ _ _
[32m      /\\ [31m| | __ ___   ____ _| (_)_ __ | | __[32m\ \ \ \
[32m     ( ( )[31m| |/ _` \ \ / / _` | | | '_ \| |/ /[32m \ \ \ \
[32m      \\/ [31m| | (_| |\ V / (_| | | | | | |   < [32m  ) ) ) )
[32m       '  [31m|_|\__,_| \_/ \__,_|_|_|_| |_|_|\_\[32m / / / /
[0m    =========================================[32m/_/_/_/[0m

	Version:        3.3.2.3
	Build:          1176
	Build time:     28.12.2020 18:59:16 UTC
	Branch          master
	Commit:         68d398a
	Commit time:    28.12.2020 18:56:23 UTC
	JVM:            15.0.1
	Lavaplayer      1.3.65

2021-01-19 13:05:37.288  INFO 3684 --- [main] lavalink.server.Launcher                 : Starting Launcher on DefectiveDetective with PID 3684 (C:\Users\Personal\Documents\Discord_Bots\RaBinDraBot\Lavalink.jar started by Personal in C:\Users\Personal\Documents\Discord_Bots\RaBinDraBot)
2021-01-19 13:05:37.291  INFO 3684 --- [main] lavalink.server.Launcher                 : No active profile set, falling back to default profiles: default
2021-01-19 13:05:37.405  WARN 3684 --- [background-preinit] o.s.h.c.j.Jackson2ObjectMapperBuilder    : For Jackson Kotlin classes support please add "com.fasterxml.jackson.module:jackson-module-kotlin" to the classpath
2021-01-19 13:05:39.622  WARN 3684 --- [main] io.undertow.websockets.jsr               : UT026010: Buffer pool was not set on WebSocketDeploymentInfo, the default pool will be used
2021-01-19 13:05:39.682  INFO 3684 --- [main] io.undertow.servlet                      : Initializing Spring embedded WebApplicationContext
2021-01-19 13:05:39.684  INFO 3684 --- [main] o.s.web.context.ContextLoader            : Root WebApplicationContext: initialization completed in 2251 ms
2021-01-19 13:05:40.455  WARN 3684 --- [main] l.server.config.SentryConfiguration      : Turning off sentry
2021-01-19 13:05:41.070  INFO 3684 --- [main] c.s.d.l.tools.GarbageCollectionMonitor   : GC monitoring enabled, reporting results every 2 minutes.
2021-01-19 13:05:41.527  INFO 3684 --- [main] lavalink.server.config.KoeConfiguration  : OS: Windows 8.1, Arch: amd64
2021-01-19 13:05:41.528  WARN 3684 --- [main] lavalink.server.config.KoeConfiguration  : This system and architecture appears to not support native audio sending! GC pauses may cause your bot to stutter during playback.
2021-01-19 13:05:41.997  INFO 3684 --- [main] o.s.s.concurrent.ThreadPoolTaskExecutor  : Initializing ExecutorService 'applicationTaskExecutor'
2021-01-19 13:05:42.563  INFO 3684 --- [main] org.xnio                                 : XNIO version 3.3.8.Final
2021-01-19 13:05:42.589  INFO 3684 --- [main] org.xnio.nio                             : XNIO NIO Implementation Version 3.3.8.Final
2021-01-19 13:05:42.793  INFO 3684 --- [main] o.s.b.w.e.u.UndertowServletWebServer     : Undertow started on port(s) 7000 (http) with context path ''
2021-01-19 13:05:42.811  INFO 3684 --- [main] lavalink.server.Launcher                 : Started Launcher in 7.556 seconds (JVM running for 10.399)
2021-01-19 13:05:42.814  INFO 3684 --- [main] lavalink.server.Launcher                 : You can safely ignore the big red warning about illegal reflection. See https://github.com/Frederikam/Lavalink/issues/295
2021-01-19 13:08:12.875  INFO 3684 --- [Thread-1] o.s.s.concurrent.ThreadPoolTaskExecutor  : Shutting down ExecutorService 'applicationTaskExecutor'
2021-01-19 13:08:13.566  INFO 3684 --- [Thread-1] c.s.d.l.tools.GarbageCollectionMonitor   : GC monitoring disabled.
